Starting ladder game...
INFO:sc2.protocol:Client status changed to Status.in_game (was None)
INFO:root:Player id: 2 (None)
Starting ladder game...
INFO:sc2.protocol:Client status changed to Status.in_game (was None)
INFO:root:Player id: 1 (None)
ERROR:sc2.bot_ai:Error: ActionResult.NotSupported (action: UnitCommand(AbilityId.TERRANBUILD_BARRACKS, Unit(name='SCV', tag=4348182529), (44, 112), False))
ERROR:sc2.bot_ai:Error: ActionResult.NotSupported (action: UnitCommand(AbilityId.TERRANBUILD_BARRACKS, Unit(name='SCV', tag=4353425409), (44, 112), False))
ERROR:sc2.bot_ai:Error: ActionResult.NotSupported (action: UnitCommand(AbilityId.TERRANBUILD_BARRACKS, Unit(name='SCV', tag=4351590401), (132, 36), False))
ERROR:sc2.bot_ai:Error: ActionResult.NotSupported (action: UnitCommand(AbilityId.TERRANBUILD_BARRACKS, Unit(name='SCV', tag=4348182529), (44, 112), False))
ERROR:sc2.bot_ai:Error: ActionResult.NotSupported (action: UnitCommand(AbilityId.TERRANBUILD_BARRACKS, Unit(name='SCV', tag=4348182529), (44, 112), False))
ERROR:sc2.bot_ai:Error: ActionResult.NotSupported (action: UnitCommand(AbilityId.TERRANBUILD_BARRACKS, Unit(name='SCV', tag=4353425409), (44, 112), False))
ERROR:sc2.bot_ai:Error: ActionResult.NotSupported (action: UnitCommand(AbilityId.TERRANBUILD_BARRACKS, Unit(name='SCV', tag=4348182529), (44, 112), False))
ERROR:sc2.bot_ai:Error: ActionResult.Error (action: UnitCommand(AbilityId.BUILD_TECHLAB, Unit(name='Factory', tag=4361814017), None, False))
ERROR:sc2.bot_ai:Error: ActionResult.Error (action: UnitCommand(AbilityId.BUILD_TECHLAB, Unit(name='Factory', tag=4361814017), None, False))
ERROR:sc2.bot_ai:Error: ActionResult.Error (action: UnitCommand(AbilityId.BUILD_TECHLAB, Unit(name='Factory', tag=4361814017), None, False))
ERROR:sc2.bot_ai:Error: ActionResult.Error (action: UnitCommand(AbilityId.BUILD_TECHLAB, Unit(name='Factory', tag=4361814017), None, False))
WARNING:sc2.bot_ai:Cannot afford action UnitCommand(AbilityId.BUILD_TECHLAB, Unit(name='Factory', tag=4361814017), None, False)
WARNING:sc2.bot_ai:Cannot afford action UnitCommand(AbilityId.BUILD_TECHLAB, Unit(name='Factory', tag=4361814017), None, False)
WARNING:sc2.bot_ai:Cannot afford action UnitCommand(AbilityId.BUILD_TECHLAB, Unit(name='Factory', tag=4361814017), None, False)
WARNING:sc2.bot_ai:Cannot afford action UnitCommand(AbilityId.BUILD_TECHLAB, Unit(name='Factory', tag=4361814017), None, False)
WARNING:sc2.bot_ai:Cannot afford action UnitCommand(AbilityId.BUILD_TECHLAB, Unit(name='Factory', tag=4361814017), None, False)
WARNING:sc2.bot_ai:Cannot afford action UnitCommand(AbilityId.BUILD_TECHLAB, Unit(name='Factory', tag=4361814017), None, False)
WARNING:sc2.bot_ai:Cannot afford action UnitCommand(AbilityId.BUILD_TECHLAB, Unit(name='Factory', tag=4361814017), None, False)
WARNING:sc2.bot_ai:Cannot afford action UnitCommand(AbilityId.BUILD_TECHLAB, Unit(name='Factory', tag=4361814017), None, False)
WARNING:sc2.bot_ai:Cannot afford action UnitCommand(AbilityId.BUILD_TECHLAB, Unit(name='Factory', tag=4361814017), None, False)
WARNING:sc2.bot_ai:Cannot afford action UnitCommand(AbilityId.BUILD_TECHLAB, Unit(name='Factory', tag=4361814017), None, False)
WARNING:sc2.bot_ai:Cannot afford action UnitCommand(AbilityId.BUILD_TECHLAB, Unit(name='Factory', tag=4361814017), None, False)
WARNING:sc2.bot_ai:Cannot afford action UnitCommand(AbilityId.BUILD_TECHLAB, Unit(name='Factory', tag=4361814017), None, False)
WARNING:sc2.bot_ai:Cannot afford action UnitCommand(AbilityId.BUILD_TECHLAB, Unit(name='Factory', tag=4361814017), None, False)
ERROR:sc2.bot_ai:Error: ActionResult.Error (action: UnitCommand(AbilityId.BUILD_TECHLAB, Unit(name='Factory', tag=4361814017), None, False))
ERROR:sc2.bot_ai:Error: ActionResult.Error (action: UnitCommand(AbilityId.BUILD_TECHLAB, Unit(name='Factory', tag=4361814017), None, False))
ERROR:sc2.bot_ai:Error: ActionResult.Error (action: UnitCommand(AbilityId.BUILD_TECHLAB, Unit(name='Factory', tag=4361814017), None, False))
ERROR:sc2.bot_ai:Error: ActionResult.Error (action: UnitCommand(AbilityId.BUILD_TECHLAB, Unit(name='Factory', tag=4361814017), None, False))
WARNING:sc2.bot_ai:Cannot afford action UnitCommand(AbilityId.BUILD_TECHLAB, Unit(name='Factory', tag=4361814017), None, False)
ERROR:sc2.bot_ai:Error: ActionResult.Error (action: UnitCommand(AbilityId.BUILD_TECHLAB, Unit(name='Factory', tag=4361814017), None, False))
WARNING:sc2.bot_ai:Cannot afford action UnitCommand(AbilityId.BUILD_TECHLAB, Unit(name='Factory', tag=4361814017), None, False)
WARNING:sc2.bot_ai:Cannot afford action UnitCommand(AbilityId.BUILD_TECHLAB, Unit(name='Factory', tag=4361814017), None, False)
WARNING:sc2.bot_ai:Cannot afford action UnitCommand(AbilityId.BUILD_TECHLAB, Unit(name='Factory', tag=4361814017), None, False)
WARNING:sc2.bot_ai:Cannot afford action UnitCommand(AbilityId.BUILD_TECHLAB, Unit(name='Factory', tag=4361814017), None, False)
WARNING:sc2.bot_ai:Cannot afford action UnitCommand(AbilityId.BUILD_TECHLAB, Unit(name='Factory', tag=4361814017), None, False)
WARNING:sc2.bot_ai:Cannot afford action UnitCommand(AbilityId.BUILD_TECHLAB, Unit(name='Factory', tag=4361814017), None, False)
ERROR:sc2.bot_ai:Error: ActionResult.Error (action: UnitCommand(AbilityId.BUILD_TECHLAB, Unit(name='Factory', tag=4361814017), None, False))
ERROR:sc2.bot_ai:Error: ActionResult.Error (action: UnitCommand(AbilityId.BUILD_TECHLAB, Unit(name='Factory', tag=4361814017), None, False))
ERROR:sc2.bot_ai:Error: ActionResult.Error (action: UnitCommand(AbilityId.BUILD_TECHLAB, Unit(name='Factory', tag=4361814017), None, False))
WARNING:sc2.bot_ai:Cannot afford action UnitCommand(AbilityId.BUILD_TECHLAB, Unit(name='Factory', tag=4361814017), None, False)
ERROR:sc2.bot_ai:Error: ActionResult.Error (action: UnitCommand(AbilityId.BUILD_TECHLAB, Unit(name='Factory', tag=4361814017), None, False))
ERROR:sc2.bot_ai:Error: ActionResult.Error (action: UnitCommand(AbilityId.BUILD_TECHLAB, Unit(name='Factory', tag=4361814017), None, False))
ERROR:sc2.bot_ai:Error: ActionResult.Error (action: UnitCommand(AbilityId.BUILD_TECHLAB, Unit(name='Factory', tag=4361814017), None, False))
ERROR:sc2.bot_ai:Error: ActionResult.Error (action: UnitCommand(AbilityId.BUILD_TECHLAB, Unit(name='Factory', tag=4361814017), None, False))
ERROR:sc2.bot_ai:Error: ActionResult.Error (action: UnitCommand(AbilityId.BUILD_TECHLAB, Unit(name='Factory', tag=4361814017), None, False))
ERROR:sc2.bot_ai:Error: ActionResult.Error (action: UnitCommand(AbilityId.BUILD_TECHLAB, Unit(name='Factory', tag=4361814017), None, False))
ERROR:sc2.bot_ai:Error: ActionResult.Error (action: UnitCommand(AbilityId.BUILD_TECHLAB, Unit(name='Factory', tag=4361814017), None, False))
ERROR:sc2.bot_ai:Error: ActionResult.Error (action: UnitCommand(AbilityId.BUILD_TECHLAB, Unit(name='Factory', tag=4361814017), None, False))
WARNING:sc2.bot_ai:Cannot afford action UnitCommand(AbilityId.BUILD_TECHLAB, Unit(name='Factory', tag=4361814017), None, False)
ERROR:sc2.bot_ai:Error: ActionResult.Error (action: UnitCommand(AbilityId.BUILD_TECHLAB, Unit(name='Factory', tag=4361814017), None, False))
ERROR:sc2.bot_ai:Error: ActionResult.Error (action: UnitCommand(AbilityId.BUILD_TECHLAB, Unit(name='Factory', tag=4361814017), None, False))
ERROR:sc2.bot_ai:Error: ActionResult.Error (action: UnitCommand(AbilityId.BUILD_TECHLAB, Unit(name='Factory', tag=4361814017), None, False))
ERROR:sc2.bot_ai:Error: ActionResult.Error (action: UnitCommand(AbilityId.BUILD_TECHLAB, Unit(name='Factory', tag=4361814017), None, False))
ERROR:sc2.bot_ai:Error: ActionResult.Error (action: UnitCommand(AbilityId.BUILD_TECHLAB, Unit(name='Factory', tag=4361814017), None, False))
ERROR:sc2.bot_ai:Error: ActionResult.Error (action: UnitCommand(AbilityId.BUILD_TECHLAB, Unit(name='Factory', tag=4361814017), None, False))
ERROR:sc2.bot_ai:Error: ActionResult.Error (action: UnitCommand(AbilityId.BUILD_TECHLAB, Unit(name='Factory', tag=4361814017), None, False))
ERROR:sc2.bot_ai:Error: ActionResult.Error (action: UnitCommand(AbilityId.BUILD_TECHLAB, Unit(name='Factory', tag=4361814017), None, False))
ERROR:sc2.bot_ai:Error: ActionResult.Error (action: UnitCommand(AbilityId.BUILD_TECHLAB, Unit(name='Factory', tag=4363649025), None, False))
ERROR:sc2.bot_ai:Error: ActionResult.Error (action: UnitCommand(AbilityId.BUILD_TECHLAB, Unit(name='Factory', tag=4363649025), None, False))
ERROR:sc2.bot_ai:Error: ActionResult.Error (action: UnitCommand(AbilityId.BUILD_TECHLAB, Unit(name='Factory', tag=4363649025), None, False))
ERROR:sc2.bot_ai:Error: ActionResult.Error (action: UnitCommand(AbilityId.BUILD_TECHLAB, Unit(name='Factory', tag=4363649025), None, False))
ERROR:sc2.bot_ai:Error: ActionResult.Error (action: UnitCommand(AbilityId.BUILD_TECHLAB, Unit(name='Factory', tag=4363649025), None, False))
ERROR:sc2.bot_ai:Error: ActionResult.Error (action: UnitCommand(AbilityId.BUILD_TECHLAB, Unit(name='Factory', tag=4363649025), None, False))
WARNING:sc2.bot_ai:Cannot afford action UnitCommand(AbilityId.BUILD_TECHLAB, Unit(name='Factory', tag=4363649025), None, False)
WARNING:sc2.bot_ai:Cannot afford action UnitCommand(AbilityId.BUILD_TECHLAB, Unit(name='Factory', tag=4363649025), None, False)
WARNING:sc2.bot_ai:Cannot afford action UnitCommand(AbilityId.BUILD_TECHLAB, Unit(name='Factory', tag=4363649025), None, False)
WARNING:sc2.bot_ai:Cannot afford action UnitCommand(AbilityId.BUILD_TECHLAB, Unit(name='Factory', tag=4363649025), None, False)
WARNING:sc2.bot_ai:Cannot afford action UnitCommand(AbilityId.BUILD_TECHLAB, Unit(name='Factory', tag=4363649025), None, False)
WARNING:sc2.bot_ai:Cannot afford action UnitCommand(AbilityId.BUILD_TECHLAB, Unit(name='Factory', tag=4363649025), None, False)
WARNING:sc2.bot_ai:Cannot afford action UnitCommand(AbilityId.BUILD_TECHLAB, Unit(name='Factory', tag=4363649025), None, False)
WARNING:sc2.bot_ai:Cannot afford action UnitCommand(AbilityId.BUILD_TECHLAB, Unit(name='Factory', tag=4363649025), None, False)
WARNING:sc2.bot_ai:Cannot afford action UnitCommand(AbilityId.BUILD_TECHLAB, Unit(name='Factory', tag=4363649025), None, False)
WARNING:sc2.bot_ai:Cannot afford action UnitCommand(AbilityId.BUILD_TECHLAB, Unit(name='Factory', tag=4363649025), None, False)
WARNING:sc2.bot_ai:Cannot afford action UnitCommand(AbilityId.BUILD_TECHLAB, Unit(name='Factory', tag=4363649025), None, False)
WARNING:sc2.bot_ai:Cannot afford action UnitCommand(AbilityId.BUILD_TECHLAB, Unit(name='Factory', tag=4363649025), None, False)
WARNING:sc2.bot_ai:Cannot afford action UnitCommand(AbilityId.BUILD_TECHLAB, Unit(name='Factory', tag=4363649025), None, False)
WARNING:sc2.bot_ai:Cannot afford action UnitCommand(AbilityId.BUILD_TECHLAB, Unit(name='Factory', tag=4363649025), None, False)
WARNING:sc2.bot_ai:Cannot afford action UnitCommand(AbilityId.BUILD_TECHLAB, Unit(name='Factory', tag=4363649025), None, False)
WARNING:sc2.bot_ai:Cannot afford action UnitCommand(AbilityId.BUILD_TECHLAB, Unit(name='Factory', tag=4363649025), None, False)
WARNING:sc2.bot_ai:Cannot afford action UnitCommand(AbilityId.BUILD_TECHLAB, Unit(name='Factory', tag=4363649025), None, False)
WARNING:sc2.bot_ai:Cannot afford action UnitCommand(AbilityId.BUILD_TECHLAB, Unit(name='Factory', tag=4363649025), None, False)
WARNING:sc2.bot_ai:Cannot afford action UnitCommand(AbilityId.BUILD_TECHLAB, Unit(name='Factory', tag=4363649025), None, False)
WARNING:sc2.bot_ai:Cannot afford action UnitCommand(AbilityId.BUILD_TECHLAB, Unit(name='Factory', tag=4363649025), None, False)
WARNING:sc2.bot_ai:Cannot afford action UnitCommand(AbilityId.BUILD_TECHLAB, Unit(name='Factory', tag=4363649025), None, False)
WARNING:sc2.bot_ai:Cannot afford action UnitCommand(AbilityId.BUILD_TECHLAB, Unit(name='Factory', tag=4363649025), None, False)
WARNING:sc2.bot_ai:Cannot afford action UnitCommand(AbilityId.BUILD_TECHLAB, Unit(name='Factory', tag=4363649025), None, False)
WARNING:sc2.bot_ai:Cannot afford action UnitCommand(AbilityId.BUILD_TECHLAB, Unit(name='Factory', tag=4363649025), None, False)
WARNING:sc2.bot_ai:Cannot afford action UnitCommand(AbilityId.BUILD_TECHLAB, Unit(name='Factory', tag=4363649025), None, False)
WARNING:sc2.bot_ai:Cannot afford action UnitCommand(AbilityId.BUILD_TECHLAB, Unit(name='Factory', tag=4363649025), None, False)
WARNING:sc2.bot_ai:Cannot afford action UnitCommand(AbilityId.BUILD_TECHLAB, Unit(name='Factory', tag=4363649025), None, False)
WARNING:sc2.bot_ai:Cannot afford action UnitCommand(AbilityId.BUILD_TECHLAB, Unit(name='Factory', tag=4363649025), None, False)
WARNING:sc2.bot_ai:Cannot afford action UnitCommand(AbilityId.BUILD_TECHLAB, Unit(name='Factory', tag=4363649025), None, False)
WARNING:sc2.bot_ai:Cannot afford action UnitCommand(AbilityId.BUILD_TECHLAB, Unit(name='Factory', tag=4363649025), None, False)
WARNING:sc2.bot_ai:Cannot afford action UnitCommand(AbilityId.BUILD_TECHLAB, Unit(name='Factory', tag=4363649025), None, False)
WARNING:sc2.bot_ai:Cannot afford action UnitCommand(AbilityId.BUILD_TECHLAB, Unit(name='Factory', tag=4363649025), None, False)
WARNING:sc2.bot_ai:Cannot afford action UnitCommand(AbilityId.BUILD_TECHLAB, Unit(name='Factory', tag=4363649025), None, False)
WARNING:sc2.bot_ai:Cannot afford action UnitCommand(AbilityId.BUILD_TECHLAB, Unit(name='Factory', tag=4363649025), None, False)
WARNING:sc2.bot_ai:Cannot afford action UnitCommand(AbilityId.BUILD_TECHLAB, Unit(name='Factory', tag=4363649025), None, False)
WARNING:sc2.bot_ai:Cannot afford action UnitCommand(AbilityId.BUILD_TECHLAB, Unit(name='Factory', tag=4363649025), None, False)
WARNING:sc2.bot_ai:Cannot afford action UnitCommand(AbilityId.BUILD_TECHLAB, Unit(name='Factory', tag=4363649025), None, False)
WARNING:sc2.bot_ai:Cannot afford action UnitCommand(AbilityId.BUILD_TECHLAB, Unit(name='Factory', tag=4363649025), None, False)
WARNING:sc2.bot_ai:Cannot afford action UnitCommand(AbilityId.BUILD_TECHLAB, Unit(name='Factory', tag=4363649025), None, False)
WARNING:sc2.bot_ai:Cannot afford action UnitCommand(AbilityId.BUILD_TECHLAB, Unit(name='Factory', tag=4363649025), None, False)
WARNING:sc2.bot_ai:Cannot afford action UnitCommand(AbilityId.BUILD_TECHLAB, Unit(name='Factory', tag=4363649025), None, False)
WARNING:sc2.bot_ai:Cannot afford action UnitCommand(AbilityId.BUILD_TECHLAB, Unit(name='Factory', tag=4363649025), None, False)
WARNING:sc2.bot_ai:Cannot afford action UnitCommand(AbilityId.BUILD_TECHLAB, Unit(name='Factory', tag=4363649025), None, False)
WARNING:sc2.bot_ai:Cannot afford action UnitCommand(AbilityId.BUILD_TECHLAB, Unit(name='Factory', tag=4363649025), None, False)
ERROR:sc2.bot_ai:Error: ActionResult.Error (action: UnitCommand(AbilityId.BUILD_TECHLAB, Unit(name='Starport', tag=4366270465), None, False))
ERROR:sc2.bot_ai:Error: ActionResult.Error (action: UnitCommand(AbilityId.BUILD_TECHLAB, Unit(name='Starport', tag=4366270465), None, False))
ERROR:sc2.bot_ai:Error: ActionResult.Error (action: UnitCommand(AbilityId.BUILD_TECHLAB, Unit(name='Starport', tag=4366270465), None, False))
ERROR:sc2.bot_ai:Error: ActionResult.Error (action: UnitCommand(AbilityId.BUILD_TECHLAB, Unit(name='Starport', tag=4366270465), None, False))
ERROR:sc2.bot_ai:Error: ActionResult.Error (action: UnitCommand(AbilityId.BUILD_TECHLAB, Unit(name='Starport', tag=4366270465), None, False))
WARNING:sc2.bot_ai:Cannot afford action UnitCommand(AbilityId.BUILD_TECHLAB, Unit(name='Starport', tag=4366794753), None, False)
ERROR:sc2.bot_ai:Error: ActionResult.Error (action: UnitCommand(AbilityId.BUILD_TECHLAB, Unit(name='Starport', tag=4366270465), None, False))
WARNING:sc2.bot_ai:Cannot afford action UnitCommand(AbilityId.BUILD_TECHLAB, Unit(name='Starport', tag=4366794753), None, False)
ERROR:sc2.bot_ai:Error: ActionResult.Error (action: UnitCommand(AbilityId.BUILD_TECHLAB, Unit(name='Starport', tag=4366270465), None, False))
WARNING:sc2.bot_ai:Cannot afford action UnitCommand(AbilityId.BUILD_TECHLAB, Unit(name='Starport', tag=4366794753), None, False)
ERROR:sc2.bot_ai:Error: ActionResult.Error (action: UnitCommand(AbilityId.BUILD_TECHLAB, Unit(name='Starport', tag=4366270465), None, False))
WARNING:sc2.bot_ai:Cannot afford action UnitCommand(AbilityId.BUILD_TECHLAB, Unit(name='Starport', tag=4366794753), None, False)
WARNING:sc2.bot_ai:Cannot afford action UnitCommand(AbilityId.BUILD_TECHLAB, Unit(name='Starport', tag=4366794753), None, False)
ERROR:sc2.bot_ai:Error: ActionResult.Error (action: UnitCommand(AbilityId.BUILD_TECHLAB, Unit(name='Starport', tag=4366270465), None, False))
WARNING:sc2.bot_ai:Cannot afford action UnitCommand(AbilityId.BUILD_TECHLAB, Unit(name='Starport', tag=4366794753), None, False)
ERROR:sc2.bot_ai:Error: ActionResult.Error (action: UnitCommand(AbilityId.BUILD_TECHLAB, Unit(name='Starport', tag=4366270465), None, False))
WARNING:sc2.bot_ai:Cannot afford action UnitCommand(AbilityId.BUILD_TECHLAB, Unit(name='Starport', tag=4366794753), None, False)
ERROR:sc2.bot_ai:Error: ActionResult.Error (action: UnitCommand(AbilityId.BUILD_TECHLAB, Unit(name='Starport', tag=4366270465), None, False))
WARNING:sc2.bot_ai:Cannot afford action UnitCommand(AbilityId.BUILD_TECHLAB, Unit(name='Starport', tag=4366794753), None, False)
ERROR:sc2.bot_ai:Error: ActionResult.Error (action: UnitCommand(AbilityId.BUILD_TECHLAB, Unit(name='Starport', tag=4366270465), None, False))
WARNING:sc2.bot_ai:Cannot afford action UnitCommand(AbilityId.BUILD_TECHLAB, Unit(name='Starport', tag=4366794753), None, False)
ERROR:sc2.bot_ai:Error: ActionResult.Error (action: UnitCommand(AbilityId.BUILD_TECHLAB, Unit(name='Starport', tag=4366270465), None, False))
WARNING:sc2.bot_ai:Cannot afford action UnitCommand(AbilityId.BUILD_TECHLAB, Unit(name='Starport', tag=4366794753), None, False)
ERROR:sc2.bot_ai:Error: ActionResult.Error (action: UnitCommand(AbilityId.BUILD_TECHLAB, Unit(name='Starport', tag=4366270465), None, False))
WARNING:sc2.bot_ai:Cannot afford action UnitCommand(AbilityId.BUILD_TECHLAB, Unit(name='Starport', tag=4366794753), None, False)
ERROR:sc2.bot_ai:Error: ActionResult.Error (action: UnitCommand(AbilityId.BUILD_TECHLAB, Unit(name='Starport', tag=4366270465), None, False))
WARNING:sc2.bot_ai:Cannot afford action UnitCommand(AbilityId.BUILD_TECHLAB, Unit(name='Starport', tag=4366794753), None, False)
ERROR:sc2.bot_ai:Error: ActionResult.Error (action: UnitCommand(AbilityId.BUILD_TECHLAB, Unit(name='Starport', tag=4366270465), None, False))
WARNING:sc2.bot_ai:Cannot afford action UnitCommand(AbilityId.BUILD_TECHLAB, Unit(name='Starport', tag=4366794753), None, False)
ERROR:sc2.bot_ai:Error: ActionResult.Error (action: UnitCommand(AbilityId.BUILD_TECHLAB, Unit(name='Starport', tag=4366270465), None, False))
WARNING:sc2.bot_ai:Cannot afford action UnitCommand(AbilityId.BUILD_TECHLAB, Unit(name='Starport', tag=4366794753), None, False)
ERROR:sc2.bot_ai:Error: ActionResult.Error (action: UnitCommand(AbilityId.BUILD_TECHLAB, Unit(name='Starport', tag=4366270465), None, False))
WARNING:sc2.bot_ai:Cannot afford action UnitCommand(AbilityId.BUILD_TECHLAB, Unit(name='Starport', tag=4366794753), None, False)
ERROR:sc2.bot_ai:Error: ActionResult.Error (action: UnitCommand(AbilityId.BUILD_TECHLAB, Unit(name='Starport', tag=4366270465), None, False))
ERROR:sc2.bot_ai:Error: ActionResult.Error (action: UnitCommand(AbilityId.BUILD_TECHLAB, Unit(name='Starport', tag=4366270465), None, False))
WARNING:sc2.bot_ai:Cannot afford action UnitCommand(AbilityId.BUILD_TECHLAB, Unit(name='Starport', tag=4366794753), None, False)
WARNING:sc2.bot_ai:Cannot afford action UnitCommand(AbilityId.BUILD_TECHLAB, Unit(name='Starport', tag=4366794753), None, False)
ERROR:sc2.bot_ai:Error: ActionResult.Error (action: UnitCommand(AbilityId.BUILD_TECHLAB, Unit(name='Starport', tag=4366270465), None, False))
WARNING:sc2.bot_ai:Cannot afford action UnitCommand(AbilityId.BUILD_TECHLAB, Unit(name='Starport', tag=4366794753), None, False)
ERROR:sc2.bot_ai:Error: ActionResult.Error (action: UnitCommand(AbilityId.BUILD_TECHLAB, Unit(name='Starport', tag=4366270465), None, False))
WARNING:sc2.bot_ai:Cannot afford action UnitCommand(AbilityId.BUILD_TECHLAB, Unit(name='Starport', tag=4366794753), None, False)
ERROR:sc2.bot_ai:Error: ActionResult.Error (action: UnitCommand(AbilityId.BUILD_TECHLAB, Unit(name='Starport', tag=4366270465), None, False))
WARNING:sc2.bot_ai:Cannot afford action UnitCommand(AbilityId.BUILD_TECHLAB, Unit(name='Starport', tag=4366794753), None, False)
ERROR:sc2.bot_ai:Error: ActionResult.Error (action: UnitCommand(AbilityId.BUILD_TECHLAB, Unit(name='Starport', tag=4366270465), None, False))
WARNING:sc2.bot_ai:Cannot afford action UnitCommand(AbilityId.BUILD_TECHLAB, Unit(name='Starport', tag=4366794753), None, False)
ERROR:sc2.bot_ai:Error: ActionResult.Error (action: UnitCommand(AbilityId.BUILD_TECHLAB, Unit(name='Starport', tag=4366270465), None, False))
WARNING:sc2.bot_ai:Cannot afford action UnitCommand(AbilityId.BUILD_TECHLAB, Unit(name='Starport', tag=4366270465), None, False)
WARNING:sc2.bot_ai:Cannot afford action UnitCommand(AbilityId.BUILD_TECHLAB, Unit(name='Starport', tag=4366794753), None, False)
WARNING:sc2.bot_ai:Cannot afford action UnitCommand(AbilityId.BUILD_TECHLAB, Unit(name='Starport', tag=4366270465), None, False)
WARNING:sc2.bot_ai:Cannot afford action UnitCommand(AbilityId.BUILD_TECHLAB, Unit(name='Starport', tag=4366794753), None, False)
WARNING:sc2.bot_ai:Cannot afford action UnitCommand(AbilityId.BUILD_TECHLAB, Unit(name='Starport', tag=4366270465), None, False)
WARNING:sc2.bot_ai:Cannot afford action UnitCommand(AbilityId.BUILD_TECHLAB, Unit(name='Starport', tag=4366794753), None, False)
WARNING:sc2.bot_ai:Cannot afford action UnitCommand(AbilityId.BUILD_TECHLAB, Unit(name='Starport', tag=4366794753), None, False)
WARNING:sc2.bot_ai:Cannot afford action UnitCommand(AbilityId.BUILD_TECHLAB, Unit(name='Starport', tag=4366270465), None, False)
WARNING:sc2.bot_ai:Cannot afford action UnitCommand(AbilityId.BUILD_TECHLAB, Unit(name='Starport', tag=4366270465), None, False)
WARNING:sc2.bot_ai:Cannot afford action UnitCommand(AbilityId.BUILD_TECHLAB, Unit(name='Starport', tag=4366794753), None, False)
WARNING:sc2.bot_ai:Cannot afford action UnitCommand(AbilityId.BUILD_TECHLAB, Unit(name='Starport', tag=4366270465), None, False)
WARNING:sc2.bot_ai:Cannot afford action UnitCommand(AbilityId.BUILD_TECHLAB, Unit(name='Starport', tag=4366794753), None, False)
WARNING:sc2.bot_ai:Cannot afford action UnitCommand(AbilityId.BUILD_TECHLAB, Unit(name='Starport', tag=4366794753), None, False)
WARNING:sc2.bot_ai:Cannot afford action UnitCommand(AbilityId.BUILD_TECHLAB, Unit(name='Starport', tag=4366270465), None, False)
WARNING:sc2.bot_ai:Cannot afford action UnitCommand(AbilityId.BUILD_TECHLAB, Unit(name='Starport', tag=4366794753), None, False)
WARNING:sc2.bot_ai:Cannot afford action UnitCommand(AbilityId.BUILD_TECHLAB, Unit(name='Starport', tag=4366270465), None, False)
WARNING:sc2.bot_ai:Cannot afford action UnitCommand(AbilityId.BUILD_TECHLAB, Unit(name='Starport', tag=4366794753), None, False)
WARNING:sc2.bot_ai:Cannot afford action UnitCommand(AbilityId.BUILD_TECHLAB, Unit(name='Starport', tag=4366270465), None, False)
WARNING:sc2.bot_ai:Cannot afford action UnitCommand(AbilityId.BUILD_TECHLAB, Unit(name='Starport', tag=4366794753), None, False)
WARNING:sc2.bot_ai:Cannot afford action UnitCommand(AbilityId.BUILD_TECHLAB, Unit(name='Starport', tag=4366270465), None, False)
WARNING:sc2.bot_ai:Cannot afford action UnitCommand(AbilityId.BUILD_TECHLAB, Unit(name='Starport', tag=4366794753), None, False)
WARNING:sc2.bot_ai:Cannot afford action UnitCommand(AbilityId.BUILD_TECHLAB, Unit(name='Starport', tag=4366270465), None, False)
WARNING:sc2.bot_ai:Cannot afford action UnitCommand(AbilityId.BUILD_TECHLAB, Unit(name='Starport', tag=4366270465), None, False)
WARNING:sc2.bot_ai:Cannot afford action UnitCommand(AbilityId.BUILD_TECHLAB, Unit(name='Starport', tag=4366794753), None, False)
WARNING:sc2.bot_ai:Cannot afford action UnitCommand(AbilityId.BUILD_TECHLAB, Unit(name='Starport', tag=4366270465), None, False)
WARNING:sc2.bot_ai:Cannot afford action UnitCommand(AbilityId.BUILD_TECHLAB, Unit(name='Starport', tag=4366794753), None, False)
WARNING:sc2.bot_ai:Cannot afford action UnitCommand(AbilityId.BUILD_TECHLAB, Unit(name='Starport', tag=4366270465), None, False)
WARNING:sc2.bot_ai:Cannot afford action UnitCommand(AbilityId.BUILD_TECHLAB, Unit(name='Starport', tag=4366794753), None, False)
WARNING:sc2.bot_ai:Cannot afford action UnitCommand(AbilityId.BUILD_TECHLAB, Unit(name='Starport', tag=4366794753), None, False)
WARNING:sc2.bot_ai:Cannot afford action UnitCommand(AbilityId.BUILD_TECHLAB, Unit(name='Starport', tag=4366270465), None, False)
WARNING:sc2.bot_ai:Cannot afford action UnitCommand(AbilityId.HARVEST_GATHER, Unit(name='SCV', tag=4346609665), Unit(name='Refinery', tag=4359192577), False)
WARNING:sc2.bot_ai:Cannot afford action UnitCommand(AbilityId.BUILD_TECHLAB, Unit(name='Starport', tag=4366270465), None, False)
WARNING:sc2.bot_ai:Cannot afford action UnitCommand(AbilityId.BUILD_TECHLAB, Unit(name='Starport', tag=4366270465), None, False)
ERROR:sc2.bot_ai:Error: ActionResult.Error (action: UnitCommand(AbilityId.BUILD_TECHLAB, Unit(name='Starport', tag=4366794753), None, False))
ERROR:sc2.bot_ai:Error: ActionResult.Error (action: UnitCommand(AbilityId.BUILD_TECHLAB, Unit(name='Starport', tag=4366794753), None, False))
WARNING:sc2.bot_ai:Cannot afford action UnitCommand(AbilityId.BUILD_TECHLAB, Unit(name='Starport', tag=4366270465), None, False)
WARNING:sc2.bot_ai:Cannot afford action UnitCommand(AbilityId.BUILD_TECHLAB, Unit(name='Starport', tag=4366794753), None, False)
WARNING:sc2.bot_ai:Cannot afford action UnitCommand(AbilityId.BUILD_TECHLAB, Unit(name='Starport', tag=4366270465), None, False)
WARNING:sc2.bot_ai:Cannot afford action UnitCommand(AbilityId.BUILD_TECHLAB, Unit(name='Starport', tag=4366270465), None, False)
WARNING:sc2.bot_ai:Cannot afford action UnitCommand(AbilityId.BUILD_TECHLAB, Unit(name='Starport', tag=4366794753), None, False)
ERROR:sc2.bot_ai:Error: ActionResult.Error (action: UnitCommand(AbilityId.BUILD_TECHLAB, Unit(name='Starport', tag=4366794753), None, False))
WARNING:sc2.bot_ai:Cannot afford action UnitCommand(AbilityId.BUILD_TECHLAB, Unit(name='Starport', tag=4366270465), None, False)
WARNING:sc2.bot_ai:Cannot afford action UnitCommand(AbilityId.BUILD_TECHLAB, Unit(name='Starport', tag=4366270465), None, False)
WARNING:sc2.bot_ai:Cannot afford action UnitCommand(AbilityId.BUILD_TECHLAB, Unit(name='Starport', tag=4366794753), None, False)
WARNING:sc2.bot_ai:Cannot afford action UnitCommand(AbilityId.BUILD_TECHLAB, Unit(name='Starport', tag=4366794753), None, False)
WARNING:sc2.bot_ai:Cannot afford action UnitCommand(AbilityId.BUILD_TECHLAB, Unit(name='Starport', tag=4366270465), None, False)
WARNING:sc2.bot_ai:Cannot afford action UnitCommand(AbilityId.BUILD_TECHLAB, Unit(name='Starport', tag=4366794753), None, False)
WARNING:sc2.bot_ai:Cannot afford action UnitCommand(AbilityId.BUILD_TECHLAB, Unit(name='Starport', tag=4366270465), None, False)
WARNING:sc2.bot_ai:Cannot afford action UnitCommand(AbilityId.BUILD_TECHLAB, Unit(name='Starport', tag=4366794753), None, False)
WARNING:sc2.bot_ai:Cannot afford action UnitCommand(AbilityId.BUILD_TECHLAB, Unit(name='Starport', tag=4366270465), None, False)
ERROR:sc2.bot_ai:Error: ActionResult.Error (action: UnitCommand(AbilityId.BUILD_TECHLAB, Unit(name='Starport', tag=4366794753), None, False))
WARNING:sc2.bot_ai:Cannot afford action UnitCommand(AbilityId.BUILD_TECHLAB, Unit(name='Starport', tag=4366794753), None, False)
ERROR:sc2.bot_ai:Error: ActionResult.Error (action: UnitCommand(AbilityId.BUILD_TECHLAB, Unit(name='Starport', tag=4366794753), None, False))
ERROR:sc2.bot_ai:Error: ActionResult.Error (action: UnitCommand(AbilityId.BUILD_TECHLAB, Unit(name='Starport', tag=4366794753), None, False))
ERROR:sc2.bot_ai:Error: ActionResult.Error (action: UnitCommand(AbilityId.BUILD_TECHLAB, Unit(name='Starport', tag=4366794753), None, False))
ERROR:sc2.bot_ai:Error: ActionResult.Error (action: UnitCommand(AbilityId.BUILD_TECHLAB, Unit(name='Starport', tag=4366794753), None, False))
WARNING:sc2.bot_ai:Cannot afford action UnitCommand(AbilityId.BUILD_TECHLAB, Unit(name='Starport', tag=4366794753), None, False)
WARNING:sc2.bot_ai:Cannot afford action UnitCommand(AbilityId.BUILD_TECHLAB, Unit(name='Starport', tag=4366794753), None, False)
ERROR:sc2.bot_ai:Error: ActionResult.Error (action: UnitCommand(AbilityId.BUILD_TECHLAB, Unit(name='Starport', tag=4366794753), None, False))
WARNING:sc2.bot_ai:Cannot afford action UnitCommand(AbilityId.BUILD_TECHLAB, Unit(name='Starport', tag=4366794753), None, False)
ERROR:sc2.bot_ai:Error: ActionResult.Error (action: UnitCommand(AbilityId.BUILD_TECHLAB, Unit(name='Starport', tag=4366794753), None, False))
ERROR:sc2.bot_ai:Error: ActionResult.Error (action: UnitCommand(AbilityId.BUILD_TECHLAB, Unit(name='Starport', tag=4366794753), None, False))
WARNING:sc2.bot_ai:Cannot afford action UnitCommand(AbilityId.BUILD_TECHLAB, Unit(name='Starport', tag=4366794753), None, False)
ERROR:sc2.bot_ai:Error: ActionResult.Error (action: UnitCommand(AbilityId.BUILD_TECHLAB, Unit(name='Starport', tag=4366794753), None, False))
WARNING:sc2.bot_ai:Cannot afford action UnitCommand(AbilityId.BUILD_TECHLAB, Unit(name='Starport', tag=4366794753), None, False)
ERROR:sc2.bot_ai:Error: ActionResult.Error (action: UnitCommand(AbilityId.BUILD_TECHLAB, Unit(name='Starport', tag=4366794753), None, False))
WARNING:sc2.bot_ai:Cannot afford action UnitCommand(AbilityId.BUILD_TECHLAB, Unit(name='Starport', tag=4366794753), None, False)
ERROR:sc2.bot_ai:Error: ActionResult.Error (action: UnitCommand(AbilityId.BUILD_TECHLAB, Unit(name='Starport', tag=4366794753), None, False))
WARNING:sc2.bot_ai:Cannot afford action UnitCommand(AbilityId.BUILD_TECHLAB, Unit(name='Starport', tag=4366794753), None, False)
ERROR:sc2.bot_ai:Error: ActionResult.Error (action: UnitCommand(AbilityId.BUILD_TECHLAB, Unit(name='Starport', tag=4366794753), None, False))
WARNING:sc2.bot_ai:Cannot afford action UnitCommand(AbilityId.BUILD_TECHLAB, Unit(name='Starport', tag=4366794753), None, False)
WARNING:sc2.bot_ai:Cannot afford action UnitCommand(AbilityId.BUILD_TECHLAB, Unit(name='Starport', tag=4366794753), None, False)
WARNING:sc2.bot_ai:Cannot afford action UnitCommand(AbilityId.BUILD_TECHLAB, Unit(name='Starport', tag=4366794753), None, False)
WARNING:sc2.bot_ai:Cannot afford action UnitCommand(AbilityId.BUILD_TECHLAB, Unit(name='Starport', tag=4366794753), None, False)
WARNING:sc2.bot_ai:Cannot afford action UnitCommand(AbilityId.BUILD_TECHLAB, Unit(name='Starport', tag=4366794753), None, False)
WARNING:sc2.bot_ai:Cannot afford action UnitCommand(AbilityId.BUILD_TECHLAB, Unit(name='Starport', tag=4366794753), None, False)
ERROR:sc2.bot_ai:Error: ActionResult.Error (action: UnitCommand(AbilityId.BUILD_TECHLAB, Unit(name='Starport', tag=4366794753), None, False))
ERROR:sc2.bot_ai:Error: ActionResult.Error (action: UnitCommand(AbilityId.BUILD_TECHLAB, Unit(name='Starport', tag=4366794753), None, False))
ERROR:sc2.bot_ai:Error: ActionResult.Error (action: UnitCommand(AbilityId.BUILD_TECHLAB, Unit(name='Starport', tag=4366794753), None, False))
ERROR:sc2.bot_ai:Error: ActionResult.Error (action: UnitCommand(AbilityId.BUILD_TECHLAB, Unit(name='Starport', tag=4366794753), None, False))
ERROR:sc2.bot_ai:Error: ActionResult.Error (action: UnitCommand(AbilityId.BUILD_TECHLAB, Unit(name='Starport', tag=4366794753), None, False))
ERROR:sc2.bot_ai:Error: ActionResult.Error (action: UnitCommand(AbilityId.BUILD_TECHLAB, Unit(name='Starport', tag=4366794753), None, False))
ERROR:sc2.bot_ai:Error: ActionResult.Error (action: UnitCommand(AbilityId.BUILD_TECHLAB, Unit(name='Starport', tag=4366794753), None, False))
WARNING:sc2.bot_ai:Cannot afford action UnitCommand(AbilityId.BUILD_TECHLAB, Unit(name='Starport', tag=4366794753), None, False)
ERROR:sc2.bot_ai:Error: ActionResult.Error (action: UnitCommand(AbilityId.BUILD_TECHLAB, Unit(name='Starport', tag=4366794753), None, False))
WARNING:sc2.bot_ai:Cannot afford action UnitCommand(AbilityId.BUILD_TECHLAB, Unit(name='Starport', tag=4366794753), None, False)
ERROR:sc2.bot_ai:Error: ActionResult.Error (action: UnitCommand(AbilityId.BUILD_TECHLAB, Unit(name='Starport', tag=4366794753), None, False))
WARNING:sc2.bot_ai:Cannot afford action UnitCommand(AbilityId.BUILD_TECHLAB, Unit(name='Starport', tag=4366794753), None, False)
ERROR:sc2.bot_ai:Error: ActionResult.Error (action: UnitCommand(AbilityId.BUILD_TECHLAB, Unit(name='Starport', tag=4366794753), None, False))
ERROR:sc2.bot_ai:Error: ActionResult.Error (action: UnitCommand(AbilityId.BUILD_TECHLAB, Unit(name='Starport', tag=4366794753), None, False))
ERROR:sc2.bot_ai:Error: ActionResult.Error (action: UnitCommand(AbilityId.BUILD_TECHLAB, Unit(name='Starport', tag=4366794753), None, False))
WARNING:sc2.bot_ai:Cannot afford action UnitCommand(AbilityId.BUILD_TECHLAB, Unit(name='Starport', tag=4368629761), None, False)
WARNING:sc2.bot_ai:Cannot afford action UnitCommand(AbilityId.BUILD_TECHLAB, Unit(name='Starport', tag=4368629761), None, False)
ERROR:sc2.bot_ai:Error: ActionResult.Error (action: UnitCommand(AbilityId.BUILD_TECHLAB, Unit(name='Starport', tag=4368629761), None, False))
ERROR:sc2.bot_ai:Error: ActionResult.Error (action: UnitCommand(AbilityId.BUILD_TECHLAB, Unit(name='Starport', tag=4368629761), None, False))
ERROR:sc2.bot_ai:Error: ActionResult.Error (action: UnitCommand(AbilityId.BUILD_TECHLAB, Unit(name='Starport', tag=4368629761), None, False))
ERROR:sc2.bot_ai:Error: ActionResult.Error (action: UnitCommand(AbilityId.BUILD_TECHLAB, Unit(name='Starport', tag=4368629761), None, False))
ERROR:sc2.bot_ai:Error: ActionResult.Error (action: UnitCommand(AbilityId.BUILD_TECHLAB, Unit(name='Starport', tag=4368629761), None, False))
ERROR:sc2.bot_ai:Error: ActionResult.Error (action: UnitCommand(AbilityId.BUILD_TECHLAB, Unit(name='Starport', tag=4368629761), None, False))
ERROR:sc2.bot_ai:Error: ActionResult.Error (action: UnitCommand(AbilityId.BUILD_TECHLAB, Unit(name='Starport', tag=4368629761), None, False))
ERROR:sc2.bot_ai:Error: ActionResult.Error (action: UnitCommand(AbilityId.BUILD_TECHLAB, Unit(name='Starport', tag=4368629761), None, False))
ERROR:sc2.bot_ai:Error: ActionResult.Error (action: UnitCommand(AbilityId.BUILD_TECHLAB, Unit(name='Starport', tag=4368629761), None, False))
ERROR:sc2.bot_ai:Error: ActionResult.Error (action: UnitCommand(AbilityId.BUILD_TECHLAB, Unit(name='Starport', tag=4368629761), None, False))
ERROR:sc2.bot_ai:Error: ActionResult.Error (action: UnitCommand(AbilityId.BUILD_TECHLAB, Unit(name='Starport', tag=4368629761), None, False))
ERROR:sc2.bot_ai:Error: ActionResult.Error (action: UnitCommand(AbilityId.BUILD_TECHLAB, Unit(name='Starport', tag=4368629761), None, False))
ERROR:sc2.bot_ai:Error: ActionResult.Error (action: UnitCommand(AbilityId.BUILD_TECHLAB, Unit(name='Starport', tag=4368629761), None, False))
ERROR:sc2.bot_ai:Error: ActionResult.Error (action: UnitCommand(AbilityId.BUILD_TECHLAB, Unit(name='Starport', tag=4368629761), None, False))
ERROR:sc2.bot_ai:Error: ActionResult.Error (action: UnitCommand(AbilityId.BUILD_TECHLAB, Unit(name='Starport', tag=4368629761), None, False))
ERROR:sc2.bot_ai:Error: ActionResult.Error (action: UnitCommand(AbilityId.BUILD_TECHLAB, Unit(name='Starport', tag=4368629761), None, False))
ERROR:sc2.bot_ai:Error: ActionResult.Error (action: UnitCommand(AbilityId.BUILD_TECHLAB, Unit(name='Starport', tag=4368629761), None, False))
ERROR:sc2.bot_ai:Error: ActionResult.Error (action: UnitCommand(AbilityId.BUILD_TECHLAB, Unit(name='Starport', tag=4368629761), None, False))
ERROR:sc2.bot_ai:Error: ActionResult.Error (action: UnitCommand(AbilityId.BUILD_TECHLAB, Unit(name='Starport', tag=4368629761), None, False))
ERROR:sc2.bot_ai:Error: ActionResult.Error (action: UnitCommand(AbilityId.BUILD_TECHLAB, Unit(name='Starport', tag=4368629761), None, False))
ERROR:sc2.bot_ai:Error: ActionResult.Error (action: UnitCommand(AbilityId.BUILD_TECHLAB, Unit(name='Starport', tag=4368629761), None, False))
ERROR:sc2.bot_ai:Error: ActionResult.Error (action: UnitCommand(AbilityId.BUILD_TECHLAB, Unit(name='Starport', tag=4368629761), None, False))
ERROR:sc2.bot_ai:Error: ActionResult.Error (action: UnitCommand(AbilityId.BUILD_TECHLAB, Unit(name='Starport', tag=4368629761), None, False))
ERROR:sc2.bot_ai:Error: ActionResult.Error (action: UnitCommand(AbilityId.BUILD_TECHLAB, Unit(name='Starport', tag=4368629761), None, False))
ERROR:sc2.bot_ai:Error: ActionResult.Error (action: UnitCommand(AbilityId.BUILD_TECHLAB, Unit(name='Starport', tag=4368629761), None, False))
ERROR:sc2.bot_ai:Error: ActionResult.Error (action: UnitCommand(AbilityId.BUILD_TECHLAB, Unit(name='Starport', tag=4368629761), None, False))
ERROR:sc2.bot_ai:Error: ActionResult.Error (action: UnitCommand(AbilityId.BUILD_TECHLAB, Unit(name='Starport', tag=4368629761), None, False))
ERROR:sc2.bot_ai:Error: ActionResult.Error (action: UnitCommand(AbilityId.BUILD_TECHLAB, Unit(name='Starport', tag=4368629761), None, False))
ERROR:sc2.bot_ai:Error: ActionResult.Error (action: UnitCommand(AbilityId.BUILD_TECHLAB, Unit(name='Starport', tag=4368629761), None, False))
ERROR:sc2.bot_ai:Error: ActionResult.Error (action: UnitCommand(AbilityId.BUILD_TECHLAB, Unit(name='Starport', tag=4368629761), None, False))
ERROR:sc2.bot_ai:Error: ActionResult.Error (action: UnitCommand(AbilityId.BUILD_TECHLAB, Unit(name='Starport', tag=4368629761), None, False))
ERROR:sc2.bot_ai:Error: ActionResult.Error (action: UnitCommand(AbilityId.BUILD_TECHLAB, Unit(name='Starport', tag=4368629761), None, False))
ERROR:sc2.bot_ai:Error: ActionResult.Error (action: UnitCommand(AbilityId.BUILD_TECHLAB, Unit(name='Starport', tag=4368629761), None, False))
ERROR:sc2.bot_ai:Error: ActionResult.Error (action: UnitCommand(AbilityId.BUILD_TECHLAB, Unit(name='Starport', tag=4368629761), None, False))
ERROR:sc2.bot_ai:Error: ActionResult.Error (action: UnitCommand(AbilityId.BUILD_TECHLAB, Unit(name='Starport', tag=4368629761), None, False))
ERROR:sc2.bot_ai:Error: ActionResult.Error (action: UnitCommand(AbilityId.BUILD_TECHLAB, Unit(name='Starport', tag=4368629761), None, False))
ERROR:sc2.bot_ai:Error: ActionResult.Error (action: UnitCommand(AbilityId.BUILD_TECHLAB, Unit(name='Starport', tag=4368629761), None, False))
ERROR:sc2.bot_ai:Error: ActionResult.Error (action: UnitCommand(AbilityId.BUILD_TECHLAB, Unit(name='Starport', tag=4368629761), None, False))
ERROR:sc2.bot_ai:Error: ActionResult.Error (action: UnitCommand(AbilityId.BUILD_TECHLAB, Unit(name='Starport', tag=4368629761), None, False))
ERROR:sc2.bot_ai:Error: ActionResult.Error (action: UnitCommand(AbilityId.BUILD_TECHLAB, Unit(name='Starport', tag=4368629761), None, False))
ERROR:sc2.bot_ai:Error: ActionResult.Error (action: UnitCommand(AbilityId.BUILD_TECHLAB, Unit(name='Starport', tag=4368629761), None, False))
ERROR:sc2.bot_ai:Error: ActionResult.Error (action: UnitCommand(AbilityId.BUILD_TECHLAB, Unit(name='Starport', tag=4368629761), None, False))
ERROR:sc2.bot_ai:Error: ActionResult.Error (action: UnitCommand(AbilityId.BUILD_TECHLAB, Unit(name='Starport', tag=4368629761), None, False))
ERROR:sc2.bot_ai:Error: ActionResult.Error (action: UnitCommand(AbilityId.BUILD_TECHLAB, Unit(name='Starport', tag=4368629761), None, False))
ERROR:sc2.bot_ai:Error: ActionResult.Error (action: UnitCommand(AbilityId.BUILD_TECHLAB, Unit(name='Starport', tag=4368629761), None, False))
ERROR:sc2.bot_ai:Error: ActionResult.Error (action: UnitCommand(AbilityId.BUILD_TECHLAB, Unit(name='Starport', tag=4368629761), None, False))
ERROR:sc2.bot_ai:Error: ActionResult.Error (action: UnitCommand(AbilityId.BUILD_TECHLAB, Unit(name='Starport', tag=4368629761), None, False))
ERROR:sc2.bot_ai:Error: ActionResult.Error (action: UnitCommand(AbilityId.BUILD_TECHLAB, Unit(name='Starport', tag=4368629761), None, False))
ERROR:sc2.bot_ai:Error: ActionResult.Error (action: UnitCommand(AbilityId.BUILD_TECHLAB, Unit(name='Starport', tag=4368629761), None, False))
ERROR:sc2.bot_ai:Error: ActionResult.Error (action: UnitCommand(AbilityId.BUILD_TECHLAB, Unit(name='Starport', tag=4370726913), None, False))
ERROR:sc2.bot_ai:Error: ActionResult.Error (action: UnitCommand(AbilityId.BUILD_TECHLAB, Unit(name='Starport', tag=4370726913), None, False))
ERROR:sc2.bot_ai:Error: ActionResult.Error (action: UnitCommand(AbilityId.BUILD_TECHLAB, Unit(name='Starport', tag=4370726913), None, False))
ERROR:sc2.bot_ai:Error: ActionResult.Error (action: UnitCommand(AbilityId.BUILD_TECHLAB, Unit(name='Starport', tag=4370726913), None, False))
ERROR:sc2.bot_ai:Error: ActionResult.Error (action: UnitCommand(AbilityId.BUILD_TECHLAB, Unit(name='Starport', tag=4370726913), None, False))
ERROR:sc2.bot_ai:Error: ActionResult.Error (action: UnitCommand(AbilityId.BUILD_TECHLAB, Unit(name='Starport', tag=4370726913), None, False))
ERROR:sc2.bot_ai:Error: ActionResult.Error (action: UnitCommand(AbilityId.BUILD_TECHLAB, Unit(name='Starport', tag=4370726913), None, False))
ERROR:sc2.bot_ai:Error: ActionResult.Error (action: UnitCommand(AbilityId.BUILD_TECHLAB, Unit(name='Starport', tag=4370726913), None, False))
ERROR:sc2.bot_ai:Error: ActionResult.Error (action: UnitCommand(AbilityId.BUILD_TECHLAB, Unit(name='Starport', tag=4370726913), None, False))
ERROR:sc2.bot_ai:Error: ActionResult.Error (action: UnitCommand(AbilityId.BUILD_TECHLAB, Unit(name='Starport', tag=4370726913), None, False))
ERROR:sc2.bot_ai:Error: ActionResult.Error (action: UnitCommand(AbilityId.BUILD_TECHLAB, Unit(name='Starport', tag=4370726913), None, False))
ERROR:sc2.bot_ai:Error: ActionResult.Error (action: UnitCommand(AbilityId.BUILD_TECHLAB, Unit(name='Starport', tag=4370726913), None, False))
ERROR:sc2.bot_ai:Error: ActionResult.Error (action: UnitCommand(AbilityId.BUILD_TECHLAB, Unit(name='Starport', tag=4370726913), None, False))
ERROR:sc2.bot_ai:Error: ActionResult.Error (action: UnitCommand(AbilityId.BUILD_TECHLAB, Unit(name='Starport', tag=4370726913), None, False))
ERROR:sc2.bot_ai:Error: ActionResult.Error (action: UnitCommand(AbilityId.BUILD_TECHLAB, Unit(name='Starport', tag=4370726913), None, False))
ERROR:sc2.bot_ai:Error: ActionResult.Error (action: UnitCommand(AbilityId.BUILD_TECHLAB, Unit(name='Starport', tag=4370726913), None, False))
ERROR:sc2.bot_ai:Error: ActionResult.Error (action: UnitCommand(AbilityId.BUILD_TECHLAB, Unit(name='Starport', tag=4370726913), None, False))
ERROR:sc2.bot_ai:Error: ActionResult.Error (action: UnitCommand(AbilityId.BUILD_TECHLAB, Unit(name='Starport', tag=4370726913), None, False))
ERROR:sc2.bot_ai:Error: ActionResult.Error (action: UnitCommand(AbilityId.BUILD_TECHLAB, Unit(name='Starport', tag=4370726913), None, False))
ERROR:sc2.bot_ai:Error: ActionResult.Error (action: UnitCommand(AbilityId.BUILD_TECHLAB, Unit(name='Starport', tag=4370726913), None, False))
ERROR:sc2.bot_ai:Error: ActionResult.Error (action: UnitCommand(AbilityId.BUILD_TECHLAB, Unit(name='Starport', tag=4370726913), None, False))
ERROR:sc2.bot_ai:Error: ActionResult.Error (action: UnitCommand(AbilityId.BUILD_TECHLAB, Unit(name='Starport', tag=4370726913), None, False))
ERROR:sc2.bot_ai:Error: ActionResult.Error (action: UnitCommand(AbilityId.BUILD_TECHLAB, Unit(name='Starport', tag=4370726913), None, False))
ERROR:sc2.bot_ai:Error: ActionResult.Error (action: UnitCommand(AbilityId.BUILD_TECHLAB, Unit(name='Starport', tag=4370726913), None, False))
ERROR:sc2.bot_ai:Error: ActionResult.Error (action: UnitCommand(AbilityId.BUILD_TECHLAB, Unit(name='Starport', tag=4370726913), None, False))
ERROR:sc2.bot_ai:Error: ActionResult.Error (action: UnitCommand(AbilityId.BUILD_TECHLAB, Unit(name='Starport', tag=4370726913), None, False))
ERROR:sc2.bot_ai:Error: ActionResult.Error (action: UnitCommand(AbilityId.BUILD_TECHLAB, Unit(name='Starport', tag=4370726913), None, False))
ERROR:sc2.bot_ai:Error: ActionResult.Error (action: UnitCommand(AbilityId.BUILD_TECHLAB, Unit(name='Starport', tag=4370726913), None, False))
ERROR:sc2.bot_ai:Error: ActionResult.Error (action: UnitCommand(AbilityId.BUILD_TECHLAB, Unit(name='Starport', tag=4370726913), None, False))
ERROR:sc2.bot_ai:Error: ActionResult.Error (action: UnitCommand(AbilityId.BUILD_TECHLAB, Unit(name='Starport', tag=4370726913), None, False))
ERROR:sc2.bot_ai:Error: ActionResult.Error (action: UnitCommand(AbilityId.BUILD_TECHLAB, Unit(name='Starport', tag=4370726913), None, False))
ERROR:sc2.bot_ai:Error: ActionResult.Error (action: UnitCommand(AbilityId.BUILD_TECHLAB, Unit(name='Starport', tag=4370726913), None, False))
ERROR:sc2.bot_ai:Error: ActionResult.Error (action: UnitCommand(AbilityId.BUILD_TECHLAB, Unit(name='Starport', tag=4370726913), None, False))
ERROR:sc2.bot_ai:Error: ActionResult.Error (action: UnitCommand(AbilityId.BUILD_TECHLAB, Unit(name='Starport', tag=4370726913), None, False))
ERROR:sc2.bot_ai:Error: ActionResult.Error (action: UnitCommand(AbilityId.BUILD_TECHLAB, Unit(name='Starport', tag=4370726913), None, False))
ERROR:sc2.bot_ai:Error: ActionResult.Error (action: UnitCommand(AbilityId.BUILD_TECHLAB, Unit(name='Starport', tag=4370726913), None, False))
ERROR:sc2.bot_ai:Error: ActionResult.Error (action: UnitCommand(AbilityId.BUILD_TECHLAB, Unit(name='Starport', tag=4370726913), None, False))
ERROR:sc2.bot_ai:Error: ActionResult.Error (action: UnitCommand(AbilityId.BUILD_TECHLAB, Unit(name='Starport', tag=4370726913), None, False))
ERROR:sc2.bot_ai:Error: ActionResult.Error (action: UnitCommand(AbilityId.BUILD_TECHLAB, Unit(name='Starport', tag=4370726913), None, False))
ERROR:sc2.bot_ai:Error: ActionResult.Error (action: UnitCommand(AbilityId.BUILD_TECHLAB, Unit(name='Starport', tag=4370726913), None, False))
WARNING:sc2.bot_ai:Cannot afford action UnitCommand(AbilityId.BUILD_TECHLAB, Unit(name='Starport', tag=4370726913), None, False)
ERROR:sc2.bot_ai:Error: ActionResult.Error (action: UnitCommand(AbilityId.BUILD_TECHLAB, Unit(name='Starport', tag=4370726913), None, False))
ERROR:sc2.bot_ai:Error: ActionResult.Error (action: UnitCommand(AbilityId.BUILD_TECHLAB, Unit(name='Starport', tag=4370726913), None, False))
ERROR:sc2.bot_ai:Error: ActionResult.Error (action: UnitCommand(AbilityId.BUILD_TECHLAB, Unit(name='Starport', tag=4370726913), None, False))
ERROR:sc2.bot_ai:Error: ActionResult.Error (action: UnitCommand(AbilityId.BUILD_TECHLAB, Unit(name='Starport', tag=4370726913), None, False))
ERROR:sc2.bot_ai:Error: ActionResult.Error (action: UnitCommand(AbilityId.BUILD_TECHLAB, Unit(name='Starport', tag=4370726913), None, False))
ERROR:sc2.bot_ai:Error: ActionResult.Error (action: UnitCommand(AbilityId.BUILD_TECHLAB, Unit(name='Starport', tag=4370726913), None, False))
ERROR:sc2.bot_ai:Error: ActionResult.Error (action: UnitCommand(AbilityId.BUILD_TECHLAB, Unit(name='Starport', tag=4370726913), None, False))
ERROR:sc2.bot_ai:Error: ActionResult.Error (action: UnitCommand(AbilityId.BUILD_TECHLAB, Unit(name='Starport', tag=4370726913), None, False))
ERROR:sc2.bot_ai:Error: ActionResult.Error (action: UnitCommand(AbilityId.BUILD_TECHLAB, Unit(name='Starport', tag=4370726913), None, False))
ERROR:sc2.bot_ai:Error: ActionResult.Error (action: UnitCommand(AbilityId.BUILD_TECHLAB, Unit(name='Starport', tag=4370726913), None, False))
ERROR:sc2.bot_ai:Error: ActionResult.Error (action: UnitCommand(AbilityId.BUILD_TECHLAB, Unit(name='Starport', tag=4370726913), None, False))
ERROR:sc2.bot_ai:Error: ActionResult.Error (action: UnitCommand(AbilityId.BUILD_TECHLAB, Unit(name='Starport', tag=4370726913), None, False))
ERROR:sc2.bot_ai:Error: ActionResult.Error (action: UnitCommand(AbilityId.BUILD_TECHLAB, Unit(name='Starport', tag=4370726913), None, False))
ERROR:sc2.bot_ai:Error: ActionResult.Error (action: UnitCommand(AbilityId.BUILD_TECHLAB, Unit(name='Starport', tag=4370726913), None, False))
ERROR:sc2.bot_ai:Error: ActionResult.Error (action: UnitCommand(AbilityId.BUILD_TECHLAB, Unit(name='Starport', tag=4370726913), None, False))
ERROR:sc2.bot_ai:Error: ActionResult.Error (action: UnitCommand(AbilityId.BUILD_TECHLAB, Unit(name='Starport', tag=4370726913), None, False))
ERROR:sc2.bot_ai:Error: ActionResult.Error (action: UnitCommand(AbilityId.BUILD_TECHLAB, Unit(name='Starport', tag=4370726913), None, False))
WARNING:sc2.bot_ai:Cannot afford action UnitCommand(AbilityId.HARVEST_GATHER, Unit(name='SCV', tag=4352901121), Unit(name='Refinery', tag=4358930433), False)
WARNING:sc2.bot_ai:Cannot afford action UnitCommand(AbilityId.BUILD_TECHLAB, Unit(name='Factory', tag=4381212675), None, False)
ERROR:sc2.bot_ai:Error: ActionResult.Error (action: UnitCommand(AbilityId.BUILD_TECHLAB, Unit(name='Factory', tag=4381212675), None, False))
ERROR:sc2.bot_ai:Error: ActionResult.Error (action: UnitCommand(AbilityId.BUILD_TECHLAB, Unit(name='Factory', tag=4381212675), None, False))
ERROR:sc2.bot_ai:Error: ActionResult.Error (action: UnitCommand(AbilityId.BUILD_TECHLAB, Unit(name='Factory', tag=4381212675), None, False))
ERROR:sc2.bot_ai:Error: ActionResult.Error (action: UnitCommand(AbilityId.BUILD_TECHLAB, Unit(name='Factory', tag=4381212675), None, False))
ERROR:sc2.bot_ai:Error: ActionResult.Error (action: UnitCommand(AbilityId.BUILD_TECHLAB, Unit(name='Factory', tag=4381212675), None, False))
ERROR:sc2.bot_ai:Error: ActionResult.Error (action: UnitCommand(AbilityId.BUILD_TECHLAB, Unit(name='Factory', tag=4381212675), None, False))
ERROR:sc2.bot_ai:Error: ActionResult.Error (action: UnitCommand(AbilityId.BUILD_TECHLAB, Unit(name='Factory', tag=4381212675), None, False))
ERROR:sc2.bot_ai:Error: ActionResult.Error (action: UnitCommand(AbilityId.BUILD_TECHLAB, Unit(name='Factory', tag=4381212675), None, False))
ERROR:sc2.bot_ai:Error: ActionResult.Error (action: UnitCommand(AbilityId.BUILD_TECHLAB, Unit(name='Factory', tag=4381212675), None, False))
ERROR:sc2.bot_ai:Error: ActionResult.Error (action: UnitCommand(AbilityId.BUILD_TECHLAB, Unit(name='Factory', tag=4381212675), None, False))
ERROR:sc2.bot_ai:Error: ActionResult.Error (action: UnitCommand(AbilityId.BUILD_TECHLAB, Unit(name='Factory', tag=4381212675), None, False))
ERROR:sc2.bot_ai:Error: ActionResult.Error (action: UnitCommand(AbilityId.BUILD_TECHLAB, Unit(name='Factory', tag=4381212675), None, False))
ERROR:sc2.bot_ai:Error: ActionResult.Error (action: UnitCommand(AbilityId.BUILD_TECHLAB, Unit(name='Factory', tag=4381212675), None, False))
ERROR:sc2.bot_ai:Error: ActionResult.Error (action: UnitCommand(AbilityId.BUILD_TECHLAB, Unit(name='Factory', tag=4381212675), None, False))
ERROR:sc2.bot_ai:Error: ActionResult.Error (action: UnitCommand(AbilityId.BUILD_TECHLAB, Unit(name='Factory', tag=4381212675), None, False))
ERROR:sc2.bot_ai:Error: ActionResult.Error (action: UnitCommand(AbilityId.BUILD_TECHLAB, Unit(name='Factory', tag=4381212675), None, False))
ERROR:sc2.bot_ai:Error: ActionResult.Error (action: UnitCommand(AbilityId.BUILD_TECHLAB, Unit(name='Factory', tag=4381212675), None, False))
ERROR:sc2.bot_ai:Error: ActionResult.Error (action: UnitCommand(AbilityId.BUILD_TECHLAB, Unit(name='Factory', tag=4381212675), None, False))
ERROR:sc2.bot_ai:Error: ActionResult.Error (action: UnitCommand(AbilityId.BUILD_TECHLAB, Unit(name='Factory', tag=4381212675), None, False))
ERROR:sc2.bot_ai:Error: ActionResult.Error (action: UnitCommand(AbilityId.BUILD_TECHLAB, Unit(name='Factory', tag=4381212675), None, False))
ERROR:sc2.bot_ai:Error: ActionResult.Error (action: UnitCommand(AbilityId.BUILD_TECHLAB, Unit(name='Factory', tag=4381212675), None, False))
ERROR:sc2.bot_ai:Error: ActionResult.Error (action: UnitCommand(AbilityId.BUILD_TECHLAB, Unit(name='Factory', tag=4381212675), None, False))
ERROR:sc2.bot_ai:Error: ActionResult.Error (action: UnitCommand(AbilityId.BUILD_TECHLAB, Unit(name='Factory', tag=4381212675), None, False))
ERROR:sc2.bot_ai:Error: ActionResult.Error (action: UnitCommand(AbilityId.BUILD_TECHLAB, Unit(name='Factory', tag=4381212675), None, False))
ERROR:sc2.bot_ai:Error: ActionResult.Error (action: UnitCommand(AbilityId.BUILD_TECHLAB, Unit(name='Factory', tag=4381212675), None, False))
ERROR:sc2.bot_ai:Error: ActionResult.Error (action: UnitCommand(AbilityId.BUILD_TECHLAB, Unit(name='Factory', tag=4381212675), None, False))
ERROR:sc2.bot_ai:Error: ActionResult.Error (action: UnitCommand(AbilityId.BUILD_TECHLAB, Unit(name='Factory', tag=4381212675), None, False))
ERROR:sc2.bot_ai:Error: ActionResult.Error (action: UnitCommand(AbilityId.BUILD_TECHLAB, Unit(name='Factory', tag=4381212675), None, False))
ERROR:sc2.bot_ai:Error: ActionResult.Error (action: UnitCommand(AbilityId.BUILD_TECHLAB, Unit(name='Factory', tag=4381212675), None, False))
ERROR:sc2.bot_ai:Error: ActionResult.Error (action: UnitCommand(AbilityId.BUILD_TECHLAB, Unit(name='Factory', tag=4381212675), None, False))
ERROR:sc2.bot_ai:Error: ActionResult.Error (action: UnitCommand(AbilityId.BUILD_TECHLAB, Unit(name='Factory', tag=4381212675), None, False))
ERROR:sc2.bot_ai:Error: ActionResult.Error (action: UnitCommand(AbilityId.BUILD_TECHLAB, Unit(name='Factory', tag=4381212675), None, False))
ERROR:sc2.bot_ai:Error: ActionResult.Error (action: UnitCommand(AbilityId.BUILD_TECHLAB, Unit(name='Factory', tag=4381212675), None, False))
ERROR:sc2.bot_ai:Error: ActionResult.Error (action: UnitCommand(AbilityId.BUILD_TECHLAB, Unit(name='Factory', tag=4381212675), None, False))
ERROR:sc2.bot_ai:Error: ActionResult.Error (action: UnitCommand(AbilityId.BUILD_TECHLAB, Unit(name='Factory', tag=4381212675), None, False))
ERROR:sc2.bot_ai:Error: ActionResult.Error (action: UnitCommand(AbilityId.BUILD_TECHLAB, Unit(name='Factory', tag=4381212675), None, False))
ERROR:sc2.bot_ai:Error: ActionResult.Error (action: UnitCommand(AbilityId.BUILD_TECHLAB, Unit(name='Factory', tag=4381212675), None, False))
ERROR:sc2.bot_ai:Error: ActionResult.Error (action: UnitCommand(AbilityId.BUILD_TECHLAB, Unit(name='Factory', tag=4381212675), None, False))
ERROR:sc2.bot_ai:Error: ActionResult.Error (action: UnitCommand(AbilityId.BUILD_TECHLAB, Unit(name='Factory', tag=4381212675), None, False))
ERROR:sc2.bot_ai:Error: ActionResult.Error (action: UnitCommand(AbilityId.BUILD_TECHLAB, Unit(name='Factory', tag=4381212675), None, False))
ERROR:sc2.bot_ai:Error: ActionResult.Error (action: UnitCommand(AbilityId.BUILD_TECHLAB, Unit(name='Factory', tag=4381212675), None, False))
ERROR:sc2.bot_ai:Error: ActionResult.Error (action: UnitCommand(AbilityId.BUILD_TECHLAB, Unit(name='Factory', tag=4381212675), None, False))
ERROR:sc2.bot_ai:Error: ActionResult.Error (action: UnitCommand(AbilityId.BUILD_TECHLAB, Unit(name='Factory', tag=4381212675), None, False))
ERROR:sc2.bot_ai:Error: ActionResult.Error (action: UnitCommand(AbilityId.BUILD_TECHLAB, Unit(name='Factory', tag=4381212675), None, False))
ERROR:sc2.bot_ai:Error: ActionResult.Error (action: UnitCommand(AbilityId.BUILD_TECHLAB, Unit(name='Factory', tag=4381212675), None, False))
ERROR:sc2.bot_ai:Error: ActionResult.Error (action: UnitCommand(AbilityId.BUILD_TECHLAB, Unit(name='Starport', tag=4380164105), None, False))
ERROR:sc2.bot_ai:Error: ActionResult.Error (action: UnitCommand(AbilityId.BUILD_TECHLAB, Unit(name='Factory', tag=4381212675), None, False))
ERROR:sc2.bot_ai:Error: ActionResult.Error (action: UnitCommand(AbilityId.BUILD_TECHLAB, Unit(name='Starport', tag=4380164105), None, False))
ERROR:sc2.bot_ai:Error: ActionResult.Error (action: UnitCommand(AbilityId.BUILD_TECHLAB, Unit(name='Factory', tag=4381212675), None, False))
ERROR:sc2.bot_ai:Error: ActionResult.Error (action: UnitCommand(AbilityId.BUILD_TECHLAB, Unit(name='Starport', tag=4380164105), None, False))
ERROR:sc2.bot_ai:Error: ActionResult.Error (action: UnitCommand(AbilityId.BUILD_TECHLAB, Unit(name='Factory', tag=4381212675), None, False))
ERROR:sc2.bot_ai:Error: ActionResult.Error (action: UnitCommand(AbilityId.BUILD_TECHLAB, Unit(name='Starport', tag=4380164105), None, False))
ERROR:sc2.bot_ai:Error: ActionResult.Error (action: UnitCommand(AbilityId.BUILD_TECHLAB, Unit(name='Factory', tag=4381212675), None, False))
ERROR:sc2.bot_ai:Error: ActionResult.Error (action: UnitCommand(AbilityId.BUILD_TECHLAB, Unit(name='Starport', tag=4380164105), None, False))
ERROR:sc2.bot_ai:Error: ActionResult.Error (action: UnitCommand(AbilityId.BUILD_TECHLAB, Unit(name='Factory', tag=4381212675), None, False))
ERROR:sc2.bot_ai:Error: ActionResult.Error (action: UnitCommand(AbilityId.BUILD_TECHLAB, Unit(name='Starport', tag=4380164105), None, False))
ERROR:sc2.bot_ai:Error: ActionResult.Error (action: UnitCommand(AbilityId.BUILD_TECHLAB, Unit(name='Starport', tag=4380164105), None, False))
ERROR:sc2.bot_ai:Error: ActionResult.Error (action: UnitCommand(AbilityId.BUILD_TECHLAB, Unit(name='Starport', tag=4380164105), None, False))
ERROR:sc2.bot_ai:Error: ActionResult.Error (action: UnitCommand(AbilityId.BUILD_TECHLAB, Unit(name='Starport', tag=4380164105), None, False))
ERROR:sc2.bot_ai:Error: ActionResult.Error (action: UnitCommand(AbilityId.BUILD_TECHLAB, Unit(name='Starport', tag=4380164105), None, False))
ERROR:sc2.bot_ai:Error: ActionResult.Error (action: UnitCommand(AbilityId.BUILD_TECHLAB, Unit(name='Starport', tag=4380164105), None, False))
ERROR:sc2.bot_ai:Error: ActionResult.Error (action: UnitCommand(AbilityId.BUILD_TECHLAB, Unit(name='Starport', tag=4380164105), None, False))
ERROR:sc2.bot_ai:Error: ActionResult.Error (action: UnitCommand(AbilityId.BUILD_TECHLAB, Unit(name='Starport', tag=4380164105), None, False))
ERROR:sc2.bot_ai:Error: ActionResult.Error (action: UnitCommand(AbilityId.BUILD_TECHLAB, Unit(name='Starport', tag=4380164105), None, False))
ERROR:sc2.bot_ai:Error: ActionResult.Error (action: UnitCommand(AbilityId.BUILD_TECHLAB, Unit(name='Starport', tag=4380164105), None, False))
ERROR:sc2.bot_ai:Error: ActionResult.Error (action: UnitCommand(AbilityId.BUILD_TECHLAB, Unit(name='Starport', tag=4380164105), None, False))
ERROR:sc2.bot_ai:Error: ActionResult.Error (action: UnitCommand(AbilityId.BUILD_TECHLAB, Unit(name='Starport', tag=4380164105), None, False))
ERROR:sc2.bot_ai:Error: ActionResult.Error (action: UnitCommand(AbilityId.BUILD_TECHLAB, Unit(name='Starport', tag=4380164105), None, False))
ERROR:sc2.bot_ai:Error: ActionResult.Error (action: UnitCommand(AbilityId.BUILD_TECHLAB, Unit(name='Starport', tag=4380164105), None, False))
ERROR:sc2.bot_ai:Error: ActionResult.Error (action: UnitCommand(AbilityId.BUILD_TECHLAB, Unit(name='Starport', tag=4380164105), None, False))
ERROR:sc2.bot_ai:Error: ActionResult.Error (action: UnitCommand(AbilityId.BUILD_TECHLAB, Unit(name='Starport', tag=4380164105), None, False))
ERROR:sc2.bot_ai:Error: ActionResult.Error (action: UnitCommand(AbilityId.BUILD_TECHLAB, Unit(name='Starport', tag=4380164105), None, False))
ERROR:sc2.bot_ai:Error: ActionResult.Error (action: UnitCommand(AbilityId.BUILD_TECHLAB, Unit(name='Starport', tag=4380164105), None, False))
ERROR:sc2.bot_ai:Error: ActionResult.Error (action: UnitCommand(AbilityId.BUILD_TECHLAB, Unit(name='Starport', tag=4380164105), None, False))
ERROR:sc2.bot_ai:Error: ActionResult.Error (action: UnitCommand(AbilityId.BUILD_TECHLAB, Unit(name='Starport', tag=4380164105), None, False))
ERROR:sc2.bot_ai:Error: ActionResult.Error (action: UnitCommand(AbilityId.BUILD_TECHLAB, Unit(name='Starport', tag=4380164105), None, False))
ERROR:sc2.bot_ai:Error: ActionResult.Error (action: UnitCommand(AbilityId.BUILD_TECHLAB, Unit(name='Starport', tag=4380164105), None, False))
ERROR:sc2.bot_ai:Error: ActionResult.Error (action: UnitCommand(AbilityId.BUILD_TECHLAB, Unit(name='Starport', tag=4380164105), None, False))
ERROR:sc2.bot_ai:Error: ActionResult.Error (action: UnitCommand(AbilityId.BUILD_TECHLAB, Unit(name='Starport', tag=4380164105), None, False))
ERROR:sc2.bot_ai:Error: ActionResult.Error (action: UnitCommand(AbilityId.BUILD_TECHLAB, Unit(name='Starport', tag=4380164105), None, False))
ERROR:sc2.bot_ai:Error: ActionResult.Error (action: UnitCommand(AbilityId.BUILD_TECHLAB, Unit(name='Starport', tag=4380164105), None, False))
ERROR:sc2.bot_ai:Error: ActionResult.Error (action: UnitCommand(AbilityId.BUILD_TECHLAB, Unit(name='Starport', tag=4380164105), None, False))
ERROR:sc2.bot_ai:Error: ActionResult.Error (action: UnitCommand(AbilityId.BUILD_TECHLAB, Unit(name='Starport', tag=4380164105), None, False))
ERROR:sc2.bot_ai:Error: ActionResult.Error (action: UnitCommand(AbilityId.BUILD_TECHLAB, Unit(name='Starport', tag=4380164105), None, False))
ERROR:sc2.bot_ai:Error: ActionResult.Error (action: UnitCommand(AbilityId.BUILD_TECHLAB, Unit(name='Starport', tag=4380164105), None, False))
ERROR:sc2.bot_ai:Error: ActionResult.Error (action: UnitCommand(AbilityId.BUILD_TECHLAB, Unit(name='Starport', tag=4380164105), None, False))
ERROR:sc2.bot_ai:Error: ActionResult.Error (action: UnitCommand(AbilityId.BUILD_TECHLAB, Unit(name='Starport', tag=4380164105), None, False))
ERROR:sc2.bot_ai:Error: ActionResult.Error (action: UnitCommand(AbilityId.BUILD_TECHLAB, Unit(name='Starport', tag=4380164105), None, False))
ERROR:sc2.bot_ai:Error: ActionResult.Error (action: UnitCommand(AbilityId.BUILD_TECHLAB, Unit(name='Starport', tag=4380164105), None, False))
ERROR:sc2.bot_ai:Error: ActionResult.Error (action: UnitCommand(AbilityId.BUILD_TECHLAB, Unit(name='Starport', tag=4380164105), None, False))
ERROR:sc2.bot_ai:Error: ActionResult.Error (action: UnitCommand(AbilityId.BUILD_TECHLAB, Unit(name='Starport', tag=4380164105), None, False))
ERROR:sc2.bot_ai:Error: ActionResult.Error (action: UnitCommand(AbilityId.BUILD_TECHLAB, Unit(name='Starport', tag=4380164105), None, False))
ERROR:sc2.bot_ai:Error: ActionResult.Error (action: UnitCommand(AbilityId.BUILD_TECHLAB, Unit(name='Starport', tag=4380164105), None, False))
ERROR:sc2.bot_ai:Error: ActionResult.Error (action: UnitCommand(AbilityId.BUILD_TECHLAB, Unit(name='Starport', tag=4380164105), None, False))
ERROR:sc2.bot_ai:Error: ActionResult.Error (action: UnitCommand(AbilityId.BUILD_TECHLAB, Unit(name='Starport', tag=4380164105), None, False))
ERROR:sc2.bot_ai:Error: ActionResult.Error (action: UnitCommand(AbilityId.BUILD_TECHLAB, Unit(name='Starport', tag=4380164105), None, False))
ERROR:sc2.bot_ai:Error: ActionResult.Error (action: UnitCommand(AbilityId.BUILD_TECHLAB, Unit(name='Starport', tag=4380164105), None, False))
ERROR:sc2.bot_ai:Error: ActionResult.Error (action: UnitCommand(AbilityId.BUILD_TECHLAB, Unit(name='Starport', tag=4380164105), None, False))
ERROR:sc2.bot_ai:Error: ActionResult.Error (action: UnitCommand(AbilityId.BUILD_TECHLAB, Unit(name='Starport', tag=4380164105), None, False))
ERROR:sc2.bot_ai:Error: ActionResult.Error (action: UnitCommand(AbilityId.BUILD_TECHLAB, Unit(name='Starport', tag=4380164105), None, False))
ERROR:sc2.bot_ai:Error: ActionResult.NotSupported (action: UnitCommand(AbilityId.TERRANBUILD_BARRACKS, Unit(name='SCV', tag=4352638977), (132, 40), False))
ERROR:sc2.bot_ai:Error: ActionResult.NotSupported (action: UnitCommand(AbilityId.TERRANBUILD_BARRACKS, Unit(name='SCV', tag=4352638977), (132, 40), False))
ERROR:sc2.bot_ai:Error: ActionResult.NotSupported (action: UnitCommand(AbilityId.TERRANBUILD_BARRACKS, Unit(name='SCV', tag=4352638977), (132, 40), False))
ERROR:sc2.bot_ai:Error: ActionResult.NotSupported (action: UnitCommand(AbilityId.TERRANBUILD_BARRACKS, Unit(name='SCV', tag=4352114689), (132, 36), False))
ERROR:sc2.bot_ai:Error: ActionResult.NotSupported (action: UnitCommand(AbilityId.TERRANBUILD_BARRACKS, Unit(name='SCV', tag=4352114689), (132, 36), False))
ERROR:sc2.bot_ai:Error: ActionResult.NotSupported (action: UnitCommand(AbilityId.TERRANBUILD_BARRACKS, Unit(name='SCV', tag=4360765441), (132, 36), False))
ERROR:sc2.bot_ai:Error: ActionResult.NotSupported (action: UnitCommand(AbilityId.TERRANBUILD_BARRACKS, Unit(name='SCV', tag=4360765441), (132, 36), False))
ERROR:sc2.bot_ai:Error: ActionResult.NotSupported (action: UnitCommand(AbilityId.TERRANBUILD_BARRACKS, Unit(name='SCV', tag=4352638977), (132, 36), False))
ERROR:sc2.bot_ai:Error: ActionResult.NotSupported (action: UnitCommand(AbilityId.TERRANBUILD_BARRACKS, Unit(name='SCV', tag=4352638977), (132, 36), False))
ERROR:sc2.bot_ai:Error: ActionResult.NotSupported (action: UnitCommand(AbilityId.TERRANBUILD_BARRACKS, Unit(name='SCV', tag=4352638977), (132, 36), False))
ERROR:sc2.bot_ai:Error: ActionResult.NotSupported (action: UnitCommand(AbilityId.TERRANBUILD_BARRACKS, Unit(name='SCV', tag=4352638977), (132, 38), False))
ERROR:sc2.bot_ai:Error: ActionResult.NotSupported (action: UnitCommand(AbilityId.TERRANBUILD_BARRACKS, Unit(name='SCV', tag=4352638977), (132, 40), False))
ERROR:sc2.bot_ai:Error: ActionResult.NotSupported (action: UnitCommand(AbilityId.TERRANBUILD_BARRACKS, Unit(name='SCV', tag=4352114689), (132, 40), False))
ERROR:sc2.bot_ai:Error: ActionResult.NotSupported (action: UnitCommand(AbilityId.TERRANBUILD_BARRACKS, Unit(name='SCV', tag=4379377679), (132, 36), False))
ERROR:sc2.bot_ai:Error: ActionResult.NotSupported (action: UnitCommand(AbilityId.TERRANBUILD_BARRACKS, Unit(name='SCV', tag=4360765441), (132, 36), False))
ERROR:sc2.bot_ai:Error: ActionResult.NotSupported (action: UnitCommand(AbilityId.TERRANBUILD_BARRACKS, Unit(name='SCV', tag=4350803984), (132, 38), False))
ERROR:sc2.bot_ai:Error: ActionResult.NotSupported (action: UnitCommand(AbilityId.TERRANBUILD_BARRACKS, Unit(name='SCV', tag=4350017537), (132, 36), False))
ERROR:sc2.bot_ai:Error: ActionResult.NotSupported (action: UnitCommand(AbilityId.TERRANBUILD_BARRACKS, Unit(name='SCV', tag=4350017537), (132, 36), False))
ERROR:sc2.bot_ai:Error: ActionResult.NotSupported (action: UnitCommand(AbilityId.TERRANBUILD_BARRACKS, Unit(name='SCV', tag=4350017537), (132, 38), False))
ERROR:sc2.bot_ai:Error: ActionResult.NotSupported (action: UnitCommand(AbilityId.TERRANBUILD_BARRACKS, Unit(name='SCV', tag=4350803984), (132, 38), False))
ERROR:sc2.bot_ai:Error: ActionResult.NotSupported (action: UnitCommand(AbilityId.TERRANBUILD_BARRACKS, Unit(name='SCV', tag=4360765441), (132, 36), False))
ERROR:sc2.bot_ai:Error: ActionResult.NotSupported (action: UnitCommand(AbilityId.TERRANBUILD_BARRACKS, Unit(name='SCV', tag=4350803984), (132, 36), False))
ERROR:sc2.bot_ai:Error: ActionResult.NotSupported (action: UnitCommand(AbilityId.TERRANBUILD_BARRACKS, Unit(name='SCV', tag=4350803984), (132, 38), False))
ERROR:sc2.bot_ai:Error: ActionResult.NotSupported (action: UnitCommand(AbilityId.TERRANBUILD_BARRACKS, Unit(name='SCV', tag=4350803984), (132, 38), False))
ERROR:sc2.bot_ai:Error: ActionResult.NotSupported (action: UnitCommand(AbilityId.TERRANBUILD_BARRACKS, Unit(name='SCV', tag=4360765441), (132, 36), False))
ERROR:sc2.bot_ai:Error: ActionResult.NotSupported (action: UnitCommand(AbilityId.TERRANBUILD_BARRACKS, Unit(name='SCV', tag=4352114689), (132, 36), False))
ERROR:sc2.bot_ai:Error: ActionResult.NotSupported (action: UnitCommand(AbilityId.TERRANBUILD_BARRACKS, Unit(name='SCV', tag=4350017537), (132, 36), False))
ERROR:sc2.bot_ai:Error: ActionResult.NotSupported (action: UnitCommand(AbilityId.TERRANBUILD_BARRACKS, Unit(name='SCV', tag=4350017537), (132, 40), False))
ERROR:sc2.bot_ai:Error: ActionResult.NotSupported (action: UnitCommand(AbilityId.TERRANBUILD_BARRACKS, Unit(name='SCV', tag=4350017537), (132, 40), False))
ERROR:sc2.bot_ai:Error: ActionResult.NotSupported (action: UnitCommand(AbilityId.TERRANBUILD_BARRACKS, Unit(name='SCV', tag=4352638977), (132, 36), False))
ERROR:sc2.bot_ai:Error: ActionResult.NotSupported (action: UnitCommand(AbilityId.TERRANBUILD_BARRACKS, Unit(name='SCV', tag=4352638977), (132, 40), False))
ERROR:sc2.bot_ai:Error: ActionResult.NotSupported (action: UnitCommand(AbilityId.TERRANBUILD_BARRACKS, Unit(name='SCV', tag=4350017537), (132, 40), False))
ERROR:sc2.bot_ai:Error: ActionResult.NotSupported (action: UnitCommand(AbilityId.TERRANBUILD_BARRACKS, Unit(name='SCV', tag=4352638977), (132, 36), False))
ERROR:sc2.bot_ai:Error: ActionResult.NotSupported (action: UnitCommand(AbilityId.TERRANBUILD_BARRACKS, Unit(name='SCV', tag=4352638977), (132, 36), False))
ERROR:sc2.bot_ai:Error: ActionResult.NotSupported (action: UnitCommand(AbilityId.TERRANBUILD_BARRACKS, Unit(name='SCV', tag=4352638977), (132, 36), False))
ERROR:sc2.bot_ai:Error: ActionResult.NotSupported (action: UnitCommand(AbilityId.TERRANBUILD_BARRACKS, Unit(name='SCV', tag=4352638977), (132, 40), False))
ERROR:sc2.bot_ai:Error: ActionResult.NotSupported (action: UnitCommand(AbilityId.TERRANBUILD_BARRACKS, Unit(name='SCV', tag=4360765441), (132, 36), False))
ERROR:sc2.bot_ai:Error: ActionResult.NotSupported (action: UnitCommand(AbilityId.TERRANBUILD_BARRACKS, Unit(name='SCV', tag=4360765441), (132, 40), False))
ERROR:sc2.bot_ai:Error: ActionResult.NotSupported (action: UnitCommand(AbilityId.TERRANBUILD_BARRACKS, Unit(name='SCV', tag=4360765441), (132, 36), False))
ERROR:sc2.bot_ai:Error: ActionResult.NotSupported (action: UnitCommand(AbilityId.TERRANBUILD_BARRACKS, Unit(name='SCV', tag=4352114689), (132, 40), False))
ERROR:sc2.bot_ai:Error: ActionResult.NotSupported (action: UnitCommand(AbilityId.TERRANBUILD_BARRACKS, Unit(name='SCV', tag=4352114689), (132, 36), False))
ERROR:sc2.bot_ai:Error: ActionResult.NotSupported (action: UnitCommand(AbilityId.TERRANBUILD_BARRACKS, Unit(name='SCV', tag=4352114689), (132, 40), False))
ERROR:sc2.bot_ai:Error: ActionResult.NotSupported (action: UnitCommand(AbilityId.TERRANBUILD_BARRACKS, Unit(name='SCV', tag=4352114689), (132, 40), False))
ERROR:sc2.bot_ai:Error: ActionResult.NotSupported (action: UnitCommand(AbilityId.TERRANBUILD_BARRACKS, Unit(name='SCV', tag=4350017537), (132, 38), False))
ERROR:sc2.bot_ai:Error: ActionResult.NotSupported (action: UnitCommand(AbilityId.TERRANBUILD_BARRACKS, Unit(name='SCV', tag=4352114689), (132, 38), False))
ERROR:sc2.bot_ai:Error: ActionResult.NotSupported (action: UnitCommand(AbilityId.TERRANBUILD_BARRACKS, Unit(name='SCV', tag=4352114689), (132, 38), False))
ERROR:sc2.bot_ai:Error: ActionResult.NotSupported (action: UnitCommand(AbilityId.TERRANBUILD_BARRACKS, Unit(name='SCV', tag=4352114689), (132, 36), False))
ERROR:sc2.bot_ai:Error: ActionResult.NotSupported (action: UnitCommand(AbilityId.TERRANBUILD_BARRACKS, Unit(name='SCV', tag=4352114689), (132, 40), False))
ERROR:sc2.bot_ai:Error: ActionResult.NotSupported (action: UnitCommand(AbilityId.TERRANBUILD_BARRACKS, Unit(name='SCV', tag=4352114689), (132, 38), False))
ERROR:sc2.bot_ai:Error: ActionResult.NotSupported (action: UnitCommand(AbilityId.TERRANBUILD_BARRACKS, Unit(name='SCV', tag=4360765441), (132, 36), False))
ERROR:sc2.bot_ai:Error: ActionResult.NotSupported (action: UnitCommand(AbilityId.TERRANBUILD_BARRACKS, Unit(name='SCV', tag=4360765441), (132, 40), False))
ERROR:sc2.bot_ai:Error: ActionResult.NotSupported (action: UnitCommand(AbilityId.TERRANBUILD_BARRACKS, Unit(name='SCV', tag=4360765441), (132, 40), False))
ERROR:sc2.bot_ai:Error: ActionResult.NotSupported (action: UnitCommand(AbilityId.TERRANBUILD_BARRACKS, Unit(name='SCV', tag=4350017537), (132, 40), False))
ERROR:sc2.bot_ai:Error: ActionResult.NotSupported (action: UnitCommand(AbilityId.TERRANBUILD_BARRACKS, Unit(name='SCV', tag=4360765441), (132, 38), False))
ERROR:sc2.bot_ai:Error: ActionResult.NotSupported (action: UnitCommand(AbilityId.TERRANBUILD_BARRACKS, Unit(name='SCV', tag=4360765441), (132, 36), False))
ERROR:sc2.bot_ai:Error: ActionResult.NotSupported (action: UnitCommand(AbilityId.TERRANBUILD_BARRACKS, Unit(name='SCV', tag=4350017537), (132, 38), False))
ERROR:sc2.bot_ai:Error: ActionResult.NotSupported (action: UnitCommand(AbilityId.TERRANBUILD_BARRACKS, Unit(name='SCV', tag=4360765441), (132, 36), False))
ERROR:sc2.bot_ai:Error: ActionResult.NotSupported (action: UnitCommand(AbilityId.TERRANBUILD_BARRACKS, Unit(name='SCV', tag=4360765441), (132, 40), False))
ERROR:sc2.bot_ai:Error: ActionResult.NotSupported (action: UnitCommand(AbilityId.TERRANBUILD_BARRACKS, Unit(name='SCV', tag=4360765441), (132, 40), False))
ERROR:sc2.bot_ai:Error: ActionResult.NotSupported (action: UnitCommand(AbilityId.TERRANBUILD_BARRACKS, Unit(name='SCV', tag=4350017537), (132, 38), False))
ERROR:sc2.bot_ai:Error: ActionResult.NotSupported (action: UnitCommand(AbilityId.TERRANBUILD_BARRACKS, Unit(name='SCV', tag=4360765441), (132, 36), False))
ERROR:sc2.bot_ai:Error: ActionResult.NotSupported (action: UnitCommand(AbilityId.TERRANBUILD_BARRACKS, Unit(name='SCV', tag=4360765441), (132, 38), False))
ERROR:sc2.bot_ai:Error: ActionResult.NotSupported (action: UnitCommand(AbilityId.TERRANBUILD_BARRACKS, Unit(name='SCV', tag=4360765441), (132, 40), False))
ERROR:sc2.bot_ai:Error: ActionResult.NotSupported (action: UnitCommand(AbilityId.TERRANBUILD_BARRACKS, Unit(name='SCV', tag=4350017537), (132, 38), False))
ERROR:sc2.bot_ai:Error: ActionResult.NotSupported (action: UnitCommand(AbilityId.TERRANBUILD_BARRACKS, Unit(name='SCV', tag=4350017537), (132, 40), False))
ERROR:sc2.bot_ai:Error: ActionResult.NotSupported (action: UnitCommand(AbilityId.TERRANBUILD_BARRACKS, Unit(name='SCV', tag=4350017537), (132, 38), False))
ERROR:sc2.bot_ai:Error: ActionResult.NotSupported (action: UnitCommand(AbilityId.TERRANBUILD_BARRACKS, Unit(name='SCV', tag=4350017537), (132, 40), False))
ERROR:sc2.bot_ai:Error: ActionResult.NotSupported (action: UnitCommand(AbilityId.TERRANBUILD_BARRACKS, Unit(name='SCV', tag=4350017537), (132, 36), False))
ERROR:sc2.bot_ai:Error: ActionResult.NotSupported (action: UnitCommand(AbilityId.TERRANBUILD_BARRACKS, Unit(name='SCV', tag=4350017537), (132, 36), False))
ERROR:sc2.bot_ai:Error: ActionResult.NotSupported (action: UnitCommand(AbilityId.TERRANBUILD_BARRACKS, Unit(name='SCV', tag=4350017537), (132, 40), False))
ERROR:sc2.bot_ai:Error: ActionResult.NotSupported (action: UnitCommand(AbilityId.TERRANBUILD_BARRACKS, Unit(name='SCV', tag=4350017537), (132, 36), False))
ERROR:sc2.bot_ai:Error: ActionResult.NotSupported (action: UnitCommand(AbilityId.TERRANBUILD_BARRACKS, Unit(name='SCV', tag=4350017537), (132, 36), False))
ERROR:sc2.bot_ai:Error: ActionResult.NotSupported (action: UnitCommand(AbilityId.TERRANBUILD_BARRACKS, Unit(name='SCV', tag=4350017537), (132, 36), False))
ERROR:sc2.bot_ai:Error: ActionResult.NotSupported (action: UnitCommand(AbilityId.TERRANBUILD_BARRACKS, Unit(name='SCV', tag=4350017537), (132, 36), False))
ERROR:sc2.bot_ai:Error: ActionResult.NotSupported (action: UnitCommand(AbilityId.TERRANBUILD_BARRACKS, Unit(name='SCV', tag=4350017537), (132, 36), False))
ERROR:sc2.bot_ai:Error: ActionResult.NotSupported (action: UnitCommand(AbilityId.TERRANBUILD_BARRACKS, Unit(name='SCV', tag=4350017537), (132, 36), False))
ERROR:sc2.bot_ai:Error: ActionResult.NotSupported (action: UnitCommand(AbilityId.TERRANBUILD_BARRACKS, Unit(name='SCV', tag=4350017537), (132, 38), False))
ERROR:sc2.bot_ai:Error: ActionResult.NotSupported (action: UnitCommand(AbilityId.TERRANBUILD_BARRACKS, Unit(name='SCV', tag=4350017537), (132, 40), False))
ERROR:sc2.bot_ai:Error: ActionResult.NotSupported (action: UnitCommand(AbilityId.TERRANBUILD_BARRACKS, Unit(name='SCV', tag=4350017537), (132, 40), False))
ERROR:sc2.bot_ai:Error: ActionResult.NotSupported (action: UnitCommand(AbilityId.TERRANBUILD_BARRACKS, Unit(name='SCV', tag=4350017537), (132, 38), False))
ERROR:sc2.bot_ai:Error: ActionResult.NotSupported (action: UnitCommand(AbilityId.TERRANBUILD_BARRACKS, Unit(name='SCV', tag=4350017537), (132, 36), False))
ERROR:sc2.bot_ai:Error: ActionResult.NotSupported (action: UnitCommand(AbilityId.TERRANBUILD_BARRACKS, Unit(name='SCV', tag=4350017537), (132, 38), False))
ERROR:sc2.bot_ai:Error: ActionResult.NotSupported (action: UnitCommand(AbilityId.TERRANBUILD_BARRACKS, Unit(name='SCV', tag=4350017537), (132, 40), False))
ERROR:sc2.bot_ai:Error: ActionResult.NotSupported (action: UnitCommand(AbilityId.TERRANBUILD_BARRACKS, Unit(name='SCV', tag=4350017537), (132, 40), False))
ERROR:sc2.bot_ai:Error: ActionResult.NotSupported (action: UnitCommand(AbilityId.TERRANBUILD_BARRACKS, Unit(name='SCV', tag=4350017537), (132, 40), False))
ERROR:sc2.bot_ai:Error: ActionResult.NotSupported (action: UnitCommand(AbilityId.TERRANBUILD_BARRACKS, Unit(name='SCV', tag=4350017537), (132, 36), False))
ERROR:sc2.bot_ai:Error: ActionResult.NotSupported (action: UnitCommand(AbilityId.TERRANBUILD_BARRACKS, Unit(name='SCV', tag=4350017537), (132, 38), False))
INFO:sc2.protocol:Client status changed to Status.ended (was Status.in_game)
INFO:sc2.protocol:Client status changed to Status.ended (was Status.in_game)
INFO:root:Result for player id: 2: Result.Defeat
Result.Defeat  against opponent  072b12621d1bfa0
ERROR:asyncio:Unclosed client session
client_session: <aiohttp.client.ClientSession object at 0x0000026D000E9470>
INFO:root:Result for player id: 1: Result.Victory
Result.Victory  against opponent  072b12621d1bfa0
ERROR:asyncio:Unclosed client session
client_session: <aiohttp.client.ClientSession object at 0x000001750533CB00>
